warn: Microsoft.AspNetCore.DataProtection.Repositories.EphemeralXmlRepository[50]
      Using an in-memory repository. Keys will not be persisted to storage.
warn: Microsoft.AspNetCore.DataProtection.KeyManagement.XmlKeyManager[59]
      Neither user profile nor HKLM registry available. Using an ephemeral key repository. Protected data will be unavailable when application exits.
warn: Microsoft.AspNetCore.DataProtection.KeyManagement.XmlKeyManager[35]
      No XML encryptor configured. Key {11205197-9fd0-450d-80d7-b3c2385857b1} may be persisted to storage in unencrypted form.
info: Microsoft.Hosting.Lifetime[0]
      Application started. Press Ctrl+C to shut down.
info: Microsoft.Hosting.Lifetime[0]
      Hosting environment: Production
info: Microsoft.Hosting.Lifetime[0]
      Content root path: C:\Users\Juan Carlos\source\repos\asignacionmesas\aspnetcoreapp\Release2\
warn: Microsoft.AspNetCore.HttpsPolicy.HttpsRedirectionMiddleware[3]
      Failed to determine the https port for redirect.
fail: Microsoft.AspNetCore.Antiforgery.DefaultAntiforgery[7]
      An exception was thrown while deserializing the token.
      Microsoft.AspNetCore.Antiforgery.AntiforgeryValidationException: The antiforgery token could not be decrypted.
       ---> System.Security.Cryptography.CryptographicException: The key {9e2eeb5c-cc7a-4e0e-83a7-5c10b8ed2651} was not found in the key ring. For more information go to http://aka.ms/dataprotectionwarning
         at Microsoft.AspNetCore.DataProtection.KeyManagement.KeyRingBasedDataProtector.UnprotectCore(Byte[] protectedData, Boolean allowOperationsOnRevokedKeys, UnprotectStatus& status)
         at Microsoft.AspNetCore.DataProtection.KeyManagement.KeyRingBasedDataProtector.Unprotect(Byte[] protectedData)
         at Microsoft.AspNetCore.Antiforgery.DefaultAntiforgeryTokenSerializer.Deserialize(String serializedToken)
         --- End of inner exception stack trace ---
         at Microsoft.AspNetCore.Antiforgery.DefaultAntiforgeryTokenSerializer.Deserialize(String serializedToken)
         at Microsoft.AspNetCore.Antiforgery.DefaultAntiforgery.GetCookieTokenDoesNotThrow(HttpContext httpContext)
warn: Microsoft.EntityFrameworkCore.Model.Validation[30000]
      No store type was specified for the decimal property 'PagoPorHora' on entity type 'Empleados'. This will cause values to be silently truncated if they do not fit in the default precision and scale. Explicitly specify the SQL server column type that can accommodate all the values in 'OnModelCreating' using 'HasColumnType', specify precision and scale using 'HasPrecision', or configure a value converter using 'HasConversion'.
info: Microsoft.EntityFrameworkCore.Infrastructure[10403]
      Entity Framework Core 6.0.23 initialized 'ApplicationDbContext' using provider 'Microsoft.EntityFrameworkCore.SqlServer:6.0.23' with options: None
info: Microsoft.EntityFrameworkCore.Database.Command[20101]
      Executed DbCommand (265ms) [Parameters=[], CommandType='Text', CommandTimeout='30']
      SELECT [e].[Contrasenia], [e].[Direccion], [e].[FechaIngreso], [e].[FechaNacimiento], [e].[HorasEstipuladas], [e].[Nombre], [e].[NumeroEmpleado], [e].[PagoPorHora], [e].[Puesto], [e].[Telefono]
      FROM [Empleados] AS [e]
info: Microsoft.EntityFrameworkCore.Database.Command[20101]
      Executed DbCommand (51ms) [Parameters=[], CommandType='Text', CommandTimeout='30']
      SELECT [m].[Id], [m].[Contrasenia], [m].[DiaHora], [m].[Movimiento]
      FROM [Movimientos] AS [m]
info: Microsoft.EntityFrameworkCore.Infrastructure[10403]
      Entity Framework Core 6.0.23 initialized 'ApplicationDbContext' using provider 'Microsoft.EntityFrameworkCore.SqlServer:6.0.23' with options: None
info: Microsoft.EntityFrameworkCore.Database.Command[20101]
      Executed DbCommand (2ms) [Parameters=[], CommandType='Text', CommandTimeout='30']
      SELECT [m].[Id], [m].[Contrasenia], [m].[DiaHora], [m].[Movimiento]
      FROM [Movimientos] AS [m]
info: Microsoft.EntityFrameworkCore.Database.Command[20101]
      Executed DbCommand (1ms) [Parameters=[], CommandType='Text', CommandTimeout='30']
      SELECT [e].[Contrasenia], [e].[Direccion], [e].[FechaIngreso], [e].[FechaNacimiento], [e].[HorasEstipuladas], [e].[Nombre], [e].[NumeroEmpleado], [e].[PagoPorHora], [e].[Puesto], [e].[Telefono]
      FROM [Empleados] AS [e]
info: Microsoft.EntityFrameworkCore.Database.Command[20101]
      Executed DbCommand (33ms) [Parameters=[], CommandType='Text', CommandTimeout='30']
      SELECT [a].[Id], [a].[Domingo], [a].[DomingoFinal], [a].[DomingoInicio], [a].[FSL], [a].[ISL], [a].[Jueves], [a].[JuevesFinal], [a].[JuevesInicio], [a].[Lunes], [a].[LunesFinal], [a].[LunesInicio], [a].[Martes], [a].[MartesFinal], [a].[MartesInicio], [a].[Miercoles], [a].[MiercolesFinal], [a].[MiercolesInicio], [a].[Sabado], [a].[SabadoFinal], [a].[SabadoInicio], [a].[Viernes], [a].[ViernesFinal], [a].[ViernesInicio]
      FROM [Ajustes] AS [a]
Thursday
20/02/2024
19/02/2024
18/02/2024
17/02/2024
16/02/2024
15/02/2024
Thursday
20/02/2024
19/02/2024
18/02/2024
17/02/2024
16/02/2024
15/02/2024
Thursday
20/02/2024
19/02/2024
18/02/2024
17/02/2024
16/02/2024
15/02/2024
Thursday
20/02/2024
19/02/2024
18/02/2024
17/02/2024
16/02/2024
15/02/2024
Thursday
20/02/2024
19/02/2024
18/02/2024
17/02/2024
16/02/2024
15/02/2024
info: Microsoft.EntityFrameworkCore.Infrastructure[10403]
      Entity Framework Core 6.0.23 initialized 'ApplicationDbContext' using provider 'Microsoft.EntityFrameworkCore.SqlServer:6.0.23' with options: None
info: Microsoft.EntityFrameworkCore.Database.Command[20101]
      Executed DbCommand (1ms) [Parameters=[], CommandType='Text', CommandTimeout='30']
      SELECT [e].[Contrasenia], [e].[Direccion], [e].[FechaIngreso], [e].[FechaNacimiento], [e].[HorasEstipuladas], [e].[Nombre], [e].[NumeroEmpleado], [e].[PagoPorHora], [e].[Puesto], [e].[Telefono]
      FROM [Empleados] AS [e]
info: Microsoft.EntityFrameworkCore.Database.Command[20101]
      Executed DbCommand (1ms) [Parameters=[], CommandType='Text', CommandTimeout='30']
      SELECT [m].[Id], [m].[Contrasenia], [m].[DiaHora], [m].[Movimiento]
      FROM [Movimientos] AS [m]
info: Microsoft.EntityFrameworkCore.Infrastructure[10403]
      Entity Framework Core 6.0.23 initialized 'ApplicationDbContext' using provider 'Microsoft.EntityFrameworkCore.SqlServer:6.0.23' with options: None
info: Microsoft.EntityFrameworkCore.Database.Command[20101]
      Executed DbCommand (1ms) [Parameters=[], CommandType='Text', CommandTimeout='30']
      SELECT [m].[Id], [m].[Contrasenia], [m].[DiaHora], [m].[Movimiento]
      FROM [Movimientos] AS [m]
info: Microsoft.EntityFrameworkCore.Database.Command[20101]
      Executed DbCommand (1ms) [Parameters=[], CommandType='Text', CommandTimeout='30']
      SELECT [e].[Contrasenia], [e].[Direccion], [e].[FechaIngreso], [e].[FechaNacimiento], [e].[HorasEstipuladas], [e].[Nombre], [e].[NumeroEmpleado], [e].[PagoPorHora], [e].[Puesto], [e].[Telefono]
      FROM [Empleados] AS [e]
info: Microsoft.EntityFrameworkCore.Database.Command[20101]
      Executed DbCommand (1ms) [Parameters=[], CommandType='Text', CommandTimeout='30']
      SELECT [a].[Id], [a].[Domingo], [a].[DomingoFinal], [a].[DomingoInicio], [a].[FSL], [a].[ISL], [a].[Jueves], [a].[JuevesFinal], [a].[JuevesInicio], [a].[Lunes], [a].[LunesFinal], [a].[LunesInicio], [a].[Martes], [a].[MartesFinal], [a].[MartesInicio], [a].[Miercoles], [a].[MiercolesFinal], [a].[MiercolesInicio], [a].[Sabado], [a].[SabadoFinal], [a].[SabadoInicio], [a].[Viernes], [a].[ViernesFinal], [a].[ViernesInicio]
      FROM [Ajustes] AS [a]
Thursday
20/02/2024
19/02/2024
18/02/2024
17/02/2024
16/02/2024
15/02/2024
Thursday
20/02/2024
19/02/2024
18/02/2024
17/02/2024
16/02/2024
15/02/2024
Thursday
20/02/2024
19/02/2024
18/02/2024
17/02/2024
16/02/2024
15/02/2024
Thursday
20/02/2024
19/02/2024
18/02/2024
17/02/2024
16/02/2024
15/02/2024
Thursday
20/02/2024
19/02/2024
18/02/2024
17/02/2024
16/02/2024
15/02/2024
info: Microsoft.EntityFrameworkCore.Infrastructure[10403]
      Entity Framework Core 6.0.23 initialized 'ApplicationDbContext' using provider 'Microsoft.EntityFrameworkCore.SqlServer:6.0.23' with options: None
info: Microsoft.EntityFrameworkCore.Database.Command[20101]
      Executed DbCommand (237ms) [Parameters=[@p0='?' (Size = 4000), @p1='?' (DbType = DateTime2), @p2='?' (Size = 100)], CommandType='Text', CommandTimeout='30']
      SET NOCOUNT ON;
      INSERT INTO [Movimientos] ([Contrasenia], [DiaHora], [Movimiento])
      VALUES (@p0, @p1, @p2);
      SELECT [Id]
      FROM [Movimientos]
      WHERE @@ROWCOUNT = 1 AND [Id] = scope_identity();
info: Microsoft.EntityFrameworkCore.Infrastructure[10403]
      Entity Framework Core 6.0.23 initialized 'ApplicationDbContext' using provider 'Microsoft.EntityFrameworkCore.SqlServer:6.0.23' with options: None
info: Microsoft.EntityFrameworkCore.Database.Command[20101]
      Executed DbCommand (2ms) [Parameters=[], CommandType='Text', CommandTimeout='30']
      SELECT [m].[Id], [m].[Contrasenia], [m].[DiaHora], [m].[Movimiento]
      FROM [Movimientos] AS [m]
info: Microsoft.EntityFrameworkCore.Database.Command[20101]
      Executed DbCommand (1ms) [Parameters=[], CommandType='Text', CommandTimeout='30']
      SELECT [e].[Contrasenia], [e].[Direccion], [e].[FechaIngreso], [e].[FechaNacimiento], [e].[HorasEstipuladas], [e].[Nombre], [e].[NumeroEmpleado], [e].[PagoPorHora], [e].[Puesto], [e].[Telefono]
      FROM [Empleados] AS [e]
info: Microsoft.EntityFrameworkCore.Database.Command[20101]
      Executed DbCommand (1ms) [Parameters=[], CommandType='Text', CommandTimeout='30']
      SELECT [a].[Id], [a].[Domingo], [a].[DomingoFinal], [a].[DomingoInicio], [a].[FSL], [a].[ISL], [a].[Jueves], [a].[JuevesFinal], [a].[JuevesInicio], [a].[Lunes], [a].[LunesFinal], [a].[LunesInicio], [a].[Martes], [a].[MartesFinal], [a].[MartesInicio], [a].[Miercoles], [a].[MiercolesFinal], [a].[MiercolesInicio], [a].[Sabado], [a].[SabadoFinal], [a].[SabadoInicio], [a].[Viernes], [a].[ViernesFinal], [a].[ViernesInicio]
      FROM [Ajustes] AS [a]
Thursday
20/02/2024
19/02/2024
18/02/2024
17/02/2024
16/02/2024
15/02/2024
Thursday
20/02/2024
19/02/2024
18/02/2024
17/02/2024
16/02/2024
15/02/2024
Thursday
20/02/2024
19/02/2024
18/02/2024
17/02/2024
16/02/2024
15/02/2024
Thursday
20/02/2024
19/02/2024
18/02/2024
17/02/2024
16/02/2024
15/02/2024
Thursday
20/02/2024
19/02/2024
18/02/2024
17/02/2024
16/02/2024
15/02/2024
info: Microsoft.EntityFrameworkCore.Infrastructure[10403]
      Entity Framework Core 6.0.23 initialized 'ApplicationDbContext' using provider 'Microsoft.EntityFrameworkCore.SqlServer:6.0.23' with options: None
info: Microsoft.EntityFrameworkCore.Database.Command[20101]
      Executed DbCommand (4ms) [Parameters=[@p0='?' (Size = 4000), @p1='?' (DbType = DateTime2), @p2='?' (Size = 100)], CommandType='Text', CommandTimeout='30']
      SET NOCOUNT ON;
      INSERT INTO [Movimientos] ([Contrasenia], [DiaHora], [Movimiento])
      VALUES (@p0, @p1, @p2);
      SELECT [Id]
      FROM [Movimientos]
      WHERE @@ROWCOUNT = 1 AND [Id] = scope_identity();
info: Microsoft.EntityFrameworkCore.Infrastructure[10403]
      Entity Framework Core 6.0.23 initialized 'ApplicationDbContext' using provider 'Microsoft.EntityFrameworkCore.SqlServer:6.0.23' with options: None
info: Microsoft.EntityFrameworkCore.Database.Command[20101]
      Executed DbCommand (2ms) [Parameters=[], CommandType='Text', CommandTimeout='30']
      SELECT [m].[Id], [m].[Contrasenia], [m].[DiaHora], [m].[Movimiento]
      FROM [Movimientos] AS [m]
info: Microsoft.EntityFrameworkCore.Database.Command[20101]
      Executed DbCommand (1ms) [Parameters=[], CommandType='Text', CommandTimeout='30']
      SELECT [e].[Contrasenia], [e].[Direccion], [e].[FechaIngreso], [e].[FechaNacimiento], [e].[HorasEstipuladas], [e].[Nombre], [e].[NumeroEmpleado], [e].[PagoPorHora], [e].[Puesto], [e].[Telefono]
      FROM [Empleados] AS [e]
info: Microsoft.EntityFrameworkCore.Database.Command[20101]
      Executed DbCommand (1ms) [Parameters=[], CommandType='Text', CommandTimeout='30']
      SELECT [a].[Id], [a].[Domingo], [a].[DomingoFinal], [a].[DomingoInicio], [a].[FSL], [a].[ISL], [a].[Jueves], [a].[JuevesFinal], [a].[JuevesInicio], [a].[Lunes], [a].[LunesFinal], [a].[LunesInicio], [a].[Martes], [a].[MartesFinal], [a].[MartesInicio], [a].[Miercoles], [a].[MiercolesFinal], [a].[MiercolesInicio], [a].[Sabado], [a].[SabadoFinal], [a].[SabadoInicio], [a].[Viernes], [a].[ViernesFinal], [a].[ViernesInicio]
      FROM [Ajustes] AS [a]
Thursday
20/02/2024
19/02/2024
18/02/2024
17/02/2024
16/02/2024
15/02/2024
Thursday
20/02/2024
19/02/2024
18/02/2024
17/02/2024
16/02/2024
15/02/2024
Thursday
20/02/2024
19/02/2024
18/02/2024
17/02/2024
16/02/2024
15/02/2024
Thursday
20/02/2024
19/02/2024
18/02/2024
17/02/2024
16/02/2024
15/02/2024
Thursday
20/02/2024
19/02/2024
18/02/2024
17/02/2024
16/02/2024
15/02/2024
info: Microsoft.EntityFrameworkCore.Infrastructure[10403]
      Entity Framework Core 6.0.23 initialized 'ApplicationDbContext' using provider 'Microsoft.EntityFrameworkCore.SqlServer:6.0.23' with options: None
info: Microsoft.EntityFrameworkCore.Database.Command[20101]
      Executed DbCommand (2ms) [Parameters=[], CommandType='Text', CommandTimeout='30']
      SELECT [m].[Id], [m].[Contrasenia], [m].[DiaHora], [m].[Movimiento]
      FROM [Movimientos] AS [m]
info: Microsoft.EntityFrameworkCore.Database.Command[20101]
      Executed DbCommand (1ms) [Parameters=[], CommandType='Text', CommandTimeout='30']
      SELECT [e].[Contrasenia], [e].[Direccion], [e].[FechaIngreso], [e].[FechaNacimiento], [e].[HorasEstipuladas], [e].[Nombre], [e].[NumeroEmpleado], [e].[PagoPorHora], [e].[Puesto], [e].[Telefono]
      FROM [Empleados] AS [e]
info: Microsoft.EntityFrameworkCore.Database.Command[20101]
      Executed DbCommand (1ms) [Parameters=[], CommandType='Text', CommandTimeout='30']
      SELECT [a].[Id], [a].[Domingo], [a].[DomingoFinal], [a].[DomingoInicio], [a].[FSL], [a].[ISL], [a].[Jueves], [a].[JuevesFinal], [a].[JuevesInicio], [a].[Lunes], [a].[LunesFinal], [a].[LunesInicio], [a].[Martes], [a].[MartesFinal], [a].[MartesInicio], [a].[Miercoles], [a].[MiercolesFinal], [a].[MiercolesInicio], [a].[Sabado], [a].[SabadoFinal], [a].[SabadoInicio], [a].[Viernes], [a].[ViernesFinal], [a].[ViernesInicio]
      FROM [Ajustes] AS [a]
Thursday
20/02/2024
19/02/2024
18/02/2024
17/02/2024
16/02/2024
15/02/2024
Thursday
20/02/2024
19/02/2024
18/02/2024
17/02/2024
16/02/2024
15/02/2024
Thursday
20/02/2024
19/02/2024
18/02/2024
17/02/2024
16/02/2024
15/02/2024
Thursday
20/02/2024
19/02/2024
18/02/2024
17/02/2024
16/02/2024
15/02/2024
Thursday
20/02/2024
19/02/2024
18/02/2024
17/02/2024
16/02/2024
15/02/2024
info: Microsoft.EntityFrameworkCore.Infrastructure[10403]
      Entity Framework Core 6.0.23 initialized 'ApplicationDbContext' using provider 'Microsoft.EntityFrameworkCore.SqlServer:6.0.23' with options: None
info: Microsoft.EntityFrameworkCore.Database.Command[20101]
      Executed DbCommand (24ms) [Parameters=[], CommandType='Text', CommandTimeout='30']
      SELECT [a].[Id], [a].[Domingo], [a].[DomingoFinal], [a].[DomingoInicio], [a].[FSL], [a].[ISL], [a].[Jueves], [a].[JuevesFinal], [a].[JuevesInicio], [a].[Lunes], [a].[LunesFinal], [a].[LunesInicio], [a].[Martes], [a].[MartesFinal], [a].[MartesInicio], [a].[Miercoles], [a].[MiercolesFinal], [a].[MiercolesInicio], [a].[Sabado], [a].[SabadoFinal], [a].[SabadoInicio], [a].[Viernes], [a].[ViernesFinal], [a].[ViernesInicio]
      FROM [Ajustes] AS [a]
info: Microsoft.EntityFrameworkCore.Infrastructure[10403]
      Entity Framework Core 6.0.23 initialized 'ApplicationDbContext' using provider 'Microsoft.EntityFrameworkCore.SqlServer:6.0.23' with options: None
info: Microsoft.EntityFrameworkCore.Database.Command[20101]
      Executed DbCommand (40ms) [Parameters=[], CommandType='Text', CommandTimeout='30']
      SELECT [m].[Id], [m].[Contrasenia], [m].[DiaHora], [m].[Movimiento]
      FROM [Movimientos] AS [m]
info: Microsoft.EntityFrameworkCore.Database.Command[20101]
      Executed DbCommand (11ms) [Parameters=[], CommandType='Text', CommandTimeout='30']
      SELECT [e].[Contrasenia], [e].[Direccion], [e].[FechaIngreso], [e].[FechaNacimiento], [e].[HorasEstipuladas], [e].[Nombre], [e].[NumeroEmpleado], [e].[PagoPorHora], [e].[Puesto], [e].[Telefono]
      FROM [Empleados] AS [e]
Thursday
20/02/2024
19/02/2024
18/02/2024
17/02/2024
16/02/2024
15/02/2024
Thursday
20/02/2024
19/02/2024
18/02/2024
17/02/2024
16/02/2024
15/02/2024
Thursday
20/02/2024
19/02/2024
18/02/2024
17/02/2024
16/02/2024
15/02/2024
Thursday
20/02/2024
19/02/2024
18/02/2024
17/02/2024
16/02/2024
15/02/2024
Thursday
20/02/2024
19/02/2024
18/02/2024
17/02/2024
16/02/2024
15/02/2024
info: Microsoft.EntityFrameworkCore.Database.Command[20101]
      Executed DbCommand (23ms) [Parameters=[], CommandType='Text', CommandTimeout='30']
      SELECT [a].[Id], [a].[Domingo], [a].[DomingoFinal], [a].[DomingoInicio], [a].[FSL], [a].[ISL], [a].[Jueves], [a].[JuevesFinal], [a].[JuevesInicio], [a].[Lunes], [a].[LunesFinal], [a].[LunesInicio], [a].[Martes], [a].[MartesFinal], [a].[MartesInicio], [a].[Miercoles], [a].[MiercolesFinal], [a].[MiercolesInicio], [a].[Sabado], [a].[SabadoFinal], [a].[SabadoInicio], [a].[Viernes], [a].[ViernesFinal], [a].[ViernesInicio]
      FROM [Ajustes] AS [a]
info: Microsoft.EntityFrameworkCore.Infrastructure[10403]
      Entity Framework Core 6.0.23 initialized 'ApplicationDbContext' using provider 'Microsoft.EntityFrameworkCore.SqlServer:6.0.23' with options: None
info: Microsoft.EntityFrameworkCore.Database.Command[20101]
      Executed DbCommand (76ms) [Parameters=[], CommandType='Text', CommandTimeout='30']
      SELECT [e].[Contrasenia], [e].[Direccion], [e].[FechaIngreso], [e].[FechaNacimiento], [e].[HorasEstipuladas], [e].[Nombre], [e].[NumeroEmpleado], [e].[PagoPorHora], [e].[Puesto], [e].[Telefono]
      FROM [Empleados] AS [e]
info: Microsoft.EntityFrameworkCore.Database.Command[20101]
      Executed DbCommand (3ms) [Parameters=[], CommandType='Text', CommandTimeout='30']
      SELECT [m].[Id], [m].[Contrasenia], [m].[DiaHora], [m].[Movimiento]
      FROM [Movimientos] AS [m]
info: Microsoft.Hosting.Lifetime[0]
      Application is shutting down...
